{
  "0 debug pnpm:scope": {
    "selected": 1
  },
  "1 info pnpm": {
    "err": {
      "name": "Error",
      "message": "not found: vitepress",
      "code": "ENOENT",
      "stack": "Error: not found: vitepress\n    at getNotFoundError (C:\\Users\\Dustella\\AppData\\Local\\node\\corepack\\pnpm\\6.32.6\\dist\\pnpm.cjs:41595:51)\n    at Function.whichSync [as sync] (C:\\Users\\Dustella\\AppData\\Local\\node\\corepack\\pnpm\\6.32.6\\dist\\pnpm.cjs:41672:13)\n    at getCommandAbsolutePathSync (C:\\Users\\Dustella\\AppData\\Local\\node\\corepack\\pnpm\\6.32.6\\dist\\pnpm.cjs:43237:44)\n    at default_1 (C:\\Users\\Dustella\\AppData\\Local\\node\\corepack\\pnpm\\6.32.6\\dist\\pnpm.cjs:43246:32)\n    at C:\\Users\\Dustella\\AppData\\Local\\node\\corepack\\pnpm\\6.32.6\\dist\\pnpm.cjs:178233:39"
    }
  },
  "2 error pnpm": {
    "code": "ERR_PNPM_RECURSIVE_EXEC_FIRST_FAIL",
    "prefix": "C:\\Users\\Dustella\\Code\\colorless-vitepress-theme",
    "err": {
      "name": "pnpm",
      "message": "not found: vitepress",
      "code": "ERR_PNPM_RECURSIVE_EXEC_FIRST_FAIL",
      "stack": "Error: not found: vitepress\n    at getNotFoundError (C:\\Users\\Dustella\\AppData\\Local\\node\\corepack\\pnpm\\6.32.6\\dist\\pnpm.cjs:41595:51)\n    at Function.whichSync [as sync] (C:\\Users\\Dustella\\AppData\\Local\\node\\corepack\\pnpm\\6.32.6\\dist\\pnpm.cjs:41672:13)\n    at getCommandAbsolutePathSync (C:\\Users\\Dustella\\AppData\\Local\\node\\corepack\\pnpm\\6.32.6\\dist\\pnpm.cjs:43237:44)\n    at default_1 (C:\\Users\\Dustella\\AppData\\Local\\node\\corepack\\pnpm\\6.32.6\\dist\\pnpm.cjs:43246:32)\n    at C:\\Users\\Dustella\\AppData\\Local\\node\\corepack\\pnpm\\6.32.6\\dist\\pnpm.cjs:178233:39"
    }
  }
}